<?xml version="1.0" encoding="UTF-8"?>
<!-- Generated by org.testng.reporters.JUnitXMLReporter -->
<testsuite hostname="LAPTOP-GS81LANU" ignored="0" name="UITest" tests="8" failures="0" timestamp="19 Sep 2019 17:14:35 GMT" time="69.09" errors="0">
  <testcase name="test_KeywordSearch" time="1.726" classname="SearchTestPkg.TestUI"/>
  <testcase name="test_cancelbuttonvisibility" time="0.253" classname="SearchTestPkg.TestUI"/>
  <testcase name="test_placeholder" time="0.035" classname="SearchTestPkg.TestUI"/>
  <testcase name="test_searchboxdisplayed" time="0.04" classname="SearchTestPkg.TestUI"/>
  <testcase name="test_searchbutton" time="0.179" classname="SearchTestPkg.TestUI"/>
  <testcase name="test_searchkeywordCount" time="4.314" classname="SearchTestPkg.TestSearchlist"/>
  <testcase name="test_searchlist" time="6.675" classname="SearchTestPkg.TestSearchlist"/>
  <testcase name="test_cancelsearch" time="0.783" classname="SearchTestPkg.TestCancelBtnFunc"/>
</testsuite> <!-- UITest -->
